<?xml version="1.0" encoding="UTF-8"?>
<testng-results ignored="0" total="1" passed="1" failed="0" skipped="0">
  <reporter-output>
  </reporter-output>
  <suite started-at="2024-12-01T22:48:27 IST" name="Suite" finished-at="2024-12-01T22:48:43 IST" duration-ms="15761">
    <groups>
    </groups>
    <test started-at="2024-12-01T22:48:27 IST" name="Test" finished-at="2024-12-01T22:48:43 IST" duration-ms="15761">
      <class name="FlipkartLogin">
        <test-method is-config="true" signature="Setup()[pri:0, instance:FlipkartLogin@6dc17b83]" started-at="2024-12-01T22:48:27 IST" name="Setup" finished-at="2024-12-01T22:48:32 IST" duration-ms="5674" status="PASS">
          <reporter-output>
          </reporter-output>
        </test-method> <!-- Setup -->
        <test-method signature="Logintest()[pri:0, instance:FlipkartLogin@6dc17b83]" started-at="2024-12-01T22:48:33 IST" name="Logintest" finished-at="2024-12-01T22:48:42 IST" duration-ms="9617" status="PASS">
          <reporter-output>
          </reporter-output>
        </test-method> <!-- Logintest -->
        <test-method is-config="true" signature="tearDown()[pri:0, instance:FlipkartLogin@6dc17b83]" started-at="2024-12-01T22:48:42 IST" name="tearDown" finished-at="2024-12-01T22:48:43 IST" duration-ms="350" status="PASS">
          <reporter-output>
          </reporter-output>
        </test-method> <!-- tearDown -->
      </class> <!-- FlipkartLogin -->
    </test> <!-- Test -->
  </suite> <!-- Suite -->
</testng-results>
